22/04/2024 03:42:42 PM: INFO: ************** Verifying Login test  **************
22/04/2024 03:42:43 PM: INFO: **************** Test_001_Login ****************
22/04/2024 03:42:43 PM: INFO: ************** Verifying Home Page Title  **************
22/04/2024 03:42:44 PM: INFO: ************** Home page title test is passed **************
22/04/2024 03:42:46 PM: INFO: ************** Login test is passed **************
22/04/2024 03:58:53 PM: INFO: **************** Test_001_Login ****************
22/04/2024 03:58:53 PM: INFO: ************** Verifying Home Page Title  **************
22/04/2024 03:58:55 PM: INFO: ************** Home page title test is passed **************
22/04/2024 04:00:16 PM: INFO: ************** Verifying Login test  **************
22/04/2024 04:00:16 PM: INFO: **************** Test_001_Login ****************
22/04/2024 04:00:16 PM: INFO: ************** Verifying Home Page Title  **************
22/04/2024 04:00:17 PM: INFO: ************** Home page title test is passed **************
22/04/2024 04:00:19 PM: INFO: ************** Login test is passed **************
22/04/2024 04:07:10 PM: INFO: ************** Verifying Login test  **************
22/04/2024 04:07:10 PM: INFO: **************** Test_001_Login ****************
22/04/2024 04:07:10 PM: INFO: ************** Verifying Home Page Title  **************
22/04/2024 04:07:12 PM: INFO: ************** Home page title test is passed **************
22/04/2024 04:07:14 PM: INFO: ************** Login test is passed **************
22/04/2024 04:07:52 PM: INFO: **************** Test_001_Login ****************
22/04/2024 04:07:52 PM: INFO: ************** Verifying Home Page Title  **************
22/04/2024 04:07:52 PM: INFO: ************** Verifying Login test  **************
22/04/2024 04:07:52 PM: INFO: ************** Home page title test is passed **************
22/04/2024 04:07:55 PM: INFO: ************** Login test is passed **************
22/04/2024 04:09:47 PM: INFO: **************** Test_001_Login ****************
22/04/2024 04:09:47 PM: INFO: ************** Verifying Home Page Title  **************
22/04/2024 04:09:49 PM: INFO: ************** Home page title test is passed **************
22/04/2024 04:09:54 PM: INFO: ************** Verifying Login test  **************
22/04/2024 04:10:00 PM: INFO: ************** Login test is passed **************
22/04/2024 04:11:21 PM: INFO: **************** Test_001_Login ****************
22/04/2024 04:11:21 PM: INFO: ************** Verifying Home Page Title  **************
22/04/2024 04:11:21 PM: INFO: ************** Verifying Login test  **************
22/04/2024 04:11:23 PM: INFO: ************** Login test is passed **************
22/04/2024 04:11:24 PM: INFO: ************** Home page title test is passed **************
22/04/2024 04:23:05 PM: INFO: ************* Test_003_AddCustomer **********
22/04/2024 04:23:38 PM: INFO: ************* Login successful **********
22/04/2024 04:23:39 PM: INFO: ******* Starting Add Customer Test **********
22/04/2024 04:45:02 PM: INFO: ************* Test_003_AddCustomer **********
22/04/2024 04:45:08 PM: INFO: ************* Login successful **********
22/04/2024 04:45:15 PM: INFO: ******* Starting Add Customer Test **********
22/04/2024 04:45:41 PM: INFO: ************* Test_003_AddCustomer **********
22/04/2024 04:45:43 PM: INFO: ************* Login successful **********
22/04/2024 04:45:43 PM: INFO: ******* Starting Add Customer Test **********
22/04/2024 04:48:16 PM: INFO: ************* Test_003_AddCustomer **********
22/04/2024 04:48:19 PM: INFO: ************* Login successful **********
22/04/2024 04:48:19 PM: INFO: ******* Starting Add Customer Test **********
22/04/2024 04:49:14 PM: INFO: ************* Test_003_AddCustomer **********
22/04/2024 04:49:17 PM: INFO: ************* Login successful **********
22/04/2024 04:49:17 PM: INFO: ******* Starting Add Customer Test **********
22/04/2024 04:55:32 PM: INFO: ************* Test_003_AddCustomer **********
22/04/2024 04:55:35 PM: INFO: ************* Login successful **********
22/04/2024 04:55:35 PM: INFO: ******* Starting Add Customer Test **********
22/04/2024 04:56:01 PM: INFO: ************* Providing customer info **********
22/04/2024 04:58:11 PM: INFO: ************* Test_003_AddCustomer **********
22/04/2024 04:58:14 PM: INFO: ************* Login successful **********
22/04/2024 04:58:14 PM: INFO: ******* Starting Add Customer Test **********
22/04/2024 05:02:41 PM: INFO: ************* Test_003_AddCustomer **********
22/04/2024 05:02:43 PM: INFO: ************* Login successful **********
22/04/2024 05:02:43 PM: INFO: ******* Starting Add Customer Test **********
22/04/2024 05:03:18 PM: INFO: ************* Test_003_AddCustomer **********
22/04/2024 05:03:21 PM: INFO: ************* Login successful **********
22/04/2024 05:03:21 PM: INFO: ******* Starting Add Customer Test **********
22/04/2024 05:03:37 PM: INFO: ************* Providing customer info **********
22/04/2024 05:09:54 PM: INFO: ************* Test_003_AddCustomer **********
22/04/2024 05:09:57 PM: INFO: ************* Login successful **********
22/04/2024 05:09:57 PM: INFO: ******* Starting Add Customer Test **********
22/04/2024 05:10:07 PM: INFO: ************* Providing customer info **********
22/04/2024 05:12:35 PM: INFO: ************* Test_003_AddCustomer **********
22/04/2024 05:12:37 PM: INFO: ************* Login successful **********
22/04/2024 05:12:37 PM: INFO: ******* Starting Add Customer Test **********
22/04/2024 05:12:46 PM: INFO: ************* Providing customer info **********
22/04/2024 05:14:22 PM: INFO: ************* Test_003_AddCustomer **********
22/04/2024 05:14:25 PM: INFO: ************* Login successful **********
22/04/2024 05:14:25 PM: INFO: ******* Starting Add Customer Test **********
22/04/2024 05:14:33 PM: INFO: ************* Providing customer info **********
22/04/2024 05:17:01 PM: INFO: ************* Saving customer info **********
22/04/2024 05:17:02 PM: INFO: ********* Add customer validation started *****************
22/04/2024 05:19:04 PM: INFO: ************* Test_003_AddCustomer **********
22/04/2024 05:19:07 PM: INFO: ************* Login successful **********
22/04/2024 05:19:07 PM: INFO: ******* Starting Add Customer Test **********
22/04/2024 05:22:36 PM: INFO: ************* Test_003_AddCustomer **********
22/04/2024 05:22:38 PM: INFO: ************* Login successful **********
22/04/2024 05:22:38 PM: INFO: ******* Starting Add Customer Test **********
22/04/2024 05:24:46 PM: INFO: ************* Test_003_AddCustomer **********
22/04/2024 05:24:51 PM: INFO: ************* Login successful **********
22/04/2024 05:24:51 PM: INFO: ******* Starting Add Customer Test **********
22/04/2024 05:26:13 PM: INFO: ************* Test_003_AddCustomer **********
22/04/2024 05:26:16 PM: INFO: ************* Login successful **********
22/04/2024 05:26:16 PM: INFO: ******* Starting Add Customer Test **********
22/04/2024 05:26:18 PM: INFO: ************* Providing customer info **********
22/04/2024 05:26:43 PM: INFO: ************* Saving customer info **********
22/04/2024 05:26:43 PM: INFO: ********* Add customer validation started *****************
22/04/2024 05:33:20 PM: INFO: ************* Test_003_AddCustomer **********
22/04/2024 05:33:23 PM: INFO: ************* Login successful **********
22/04/2024 05:33:23 PM: INFO: ******* Starting Add Customer Test **********
22/04/2024 05:33:25 PM: INFO: ************* Providing customer info **********
22/04/2024 05:39:21 PM: INFO: ************* Test_003_AddCustomer **********
22/04/2024 05:39:23 PM: INFO: ************* Login successful **********
22/04/2024 05:39:23 PM: INFO: ******* Starting Add Customer Test **********
22/04/2024 05:39:26 PM: INFO: ************* Providing customer info **********
22/04/2024 05:39:36 PM: INFO: ************* Saving customer info **********
22/04/2024 05:39:36 PM: INFO: ********* Add customer validation started *****************
22/04/2024 05:41:48 PM: INFO: ************* Test_003_AddCustomer **********
22/04/2024 05:41:50 PM: INFO: ************* Login successful **********
22/04/2024 05:41:50 PM: INFO: ******* Starting Add Customer Test **********
22/04/2024 05:41:52 PM: INFO: ************* Providing customer info **********
22/04/2024 05:42:02 PM: INFO: ************* Saving customer info **********
22/04/2024 05:42:02 PM: INFO: ********* Add customer validation started *****************
22/04/2024 05:42:29 PM: INFO: ********* Add customer Test Passed *********
22/04/2024 05:42:31 PM: INFO: ******* Ending Add customer test **********
22/04/2024 05:53:41 PM: INFO: **************** Test_001_Login ****************
22/04/2024 05:53:41 PM: INFO: ************** Verifying Home Page Title  **************
22/04/2024 05:53:42 PM: INFO: ************** Home page title test is passed **************
22/04/2024 05:53:43 PM: INFO: ************** Verifying Login test  **************
22/04/2024 05:53:47 PM: INFO: ************** Login test is passed **************
22/04/2024 05:54:27 PM: INFO: ************* Test_003_AddCustomer **********
22/04/2024 05:54:29 PM: INFO: ************* Login successful **********
22/04/2024 05:54:29 PM: INFO: ******* Starting Add Customer Test **********
22/04/2024 05:54:32 PM: INFO: ************* Providing customer info **********
22/04/2024 05:54:42 PM: INFO: ************* Saving customer info **********
22/04/2024 05:54:42 PM: INFO: ********* Add customer validation started *****************
22/04/2024 05:54:42 PM: INFO: ********* Add customer Test Passed *********
22/04/2024 05:54:42 PM: INFO: ******* Ending Add customer test **********
22/04/2024 11:33:22 PM: INFO: ************* Test_003_AddCustomer **********
22/04/2024 11:33:25 PM: INFO: ************* Login successful **********
22/04/2024 11:33:25 PM: INFO: ******* Starting Add Customer Test **********
22/04/2024 11:33:27 PM: INFO: ************* Providing customer info **********
22/04/2024 11:33:37 PM: INFO: ************* Saving customer info **********
22/04/2024 11:33:37 PM: INFO: ********* Add customer validation started *****************
22/04/2024 11:33:38 PM: INFO: ********* Add customer Test Passed *********
22/04/2024 11:33:38 PM: INFO: ******* Ending Add customer test **********
22/04/2024 11:33:58 PM: INFO: ************* SearchCustomerByEmail_004 **********
22/04/2024 11:34:01 PM: INFO: ************* Login succesful **********
22/04/2024 11:34:01 PM: INFO: ******* Starting Search Customer By Email **********
22/04/2024 11:34:02 PM: INFO: ************* searching customer by emailID **********
22/04/2024 11:36:23 PM: INFO: ************* SearchCustomerByEmail_004 **********
22/04/2024 11:36:26 PM: INFO: ************* Login succesful **********
22/04/2024 11:36:26 PM: INFO: ******* Starting Search Customer By Email **********
22/04/2024 11:38:13 PM: INFO: ************* SearchCustomerByEmail_004 **********
22/04/2024 11:38:15 PM: INFO: ************* Login succesful **********
22/04/2024 11:38:15 PM: INFO: ******* Starting Search Customer By Email **********
22/04/2024 11:38:16 PM: INFO: ************* searching customer by emailID **********
22/04/2024 11:38:21 PM: INFO: ***************  TC_SearchCustomerByEmail_004 Finished  *********** 
22/04/2024 11:39:16 PM: INFO: ************* Test_003_AddCustomer **********
22/04/2024 11:39:18 PM: INFO: ************* Login successful **********
22/04/2024 11:39:18 PM: INFO: ******* Starting Add Customer Test **********
22/04/2024 11:39:20 PM: INFO: ************* Providing customer info **********
22/04/2024 11:39:31 PM: INFO: ************* Saving customer info **********
22/04/2024 11:39:31 PM: INFO: ********* Add customer validation started *****************
22/04/2024 11:39:31 PM: INFO: ********* Add customer Test Passed *********
22/04/2024 11:39:31 PM: INFO: ******* Ending Add customer test **********
22/04/2024 11:39:41 PM: INFO: ************* SearchCustomerByName_005 **********
22/04/2024 11:39:43 PM: INFO: ************* Login succesful **********
22/04/2024 11:39:43 PM: INFO: ******* Starting Search Customer By Name **********
22/04/2024 11:39:47 PM: INFO: ************* searching customer by Name **********
22/04/2024 11:39:52 PM: INFO: ***************  TC_SearchCustomerByName_005 Finished  *********** 
23/04/2024 01:06:50 AM: INFO: ************** Verifying Login test  **************
23/04/2024 01:06:54 AM: INFO: ************** Login test is passed **************
23/04/2024 01:08:53 AM: INFO: ************* Test_003_AddCustomer **********
23/04/2024 01:08:56 AM: INFO: ************* Login successful **********
23/04/2024 01:08:56 AM: INFO: ******* Starting Add Customer Test **********
23/04/2024 01:08:58 AM: INFO: ************* Providing customer info **********
23/04/2024 01:09:08 AM: INFO: ************* Saving customer info **********
23/04/2024 01:09:08 AM: INFO: ********* Add customer validation started *****************
23/04/2024 01:09:08 AM: INFO: ********* Add customer Test Passed *********
23/04/2024 01:09:08 AM: INFO: ******* Ending Add customer test **********
23/04/2024 01:09:10 AM: INFO: **************** Test_001_Login ****************
23/04/2024 01:09:10 AM: INFO: ************** Verifying Home Page Title  **************
23/04/2024 01:09:12 AM: INFO: ************** Home page title test is passed **************
23/04/2024 01:09:13 AM: INFO: ************** Verifying Login test  **************
23/04/2024 01:09:16 AM: INFO: ************** Login test is passed **************
23/04/2024 01:09:18 AM: INFO: *************** Test_002_DDT_Login ***************
23/04/2024 01:09:18 AM: INFO: ************** Verifying Login DDT test  **************
23/04/2024 01:09:25 AM: INFO: *** Passed ***
23/04/2024 01:09:31 AM: INFO: *** Passed ***
23/04/2024 01:09:36 AM: INFO: *** Passed ***
23/04/2024 01:09:42 AM: INFO: *** Passed ***
23/04/2024 01:09:42 AM: INFO: **** Login DDT test passed *****
23/04/2024 01:09:42 AM: INFO: *************** End of Login DDT Test ***************
23/04/2024 01:09:42 AM: INFO: ************** Completed TC_LoginDDT_002  **************
23/04/2024 01:09:43 AM: INFO: ************* SearchCustomerByEmail_004 **********
23/04/2024 01:09:45 AM: INFO: ************* Login succesful **********
23/04/2024 01:09:45 AM: INFO: ******* Starting Search Customer By Email **********
23/04/2024 01:09:46 AM: INFO: ************* searching customer by emailID **********
23/04/2024 01:09:51 AM: INFO: ***************  TC_SearchCustomerByEmail_004 Finished  *********** 
23/04/2024 01:09:52 AM: INFO: ************* SearchCustomerByName_005 **********
23/04/2024 01:09:54 AM: INFO: ************* Login successful **********
23/04/2024 01:09:54 AM: INFO: ******* Starting Search Customer By Name **********
23/04/2024 01:09:57 AM: INFO: ************* searching customer by Name **********
23/04/2024 01:10:02 AM: INFO: ***************  TC_SearchCustomerByName_005 Finished  *********** 
23/04/2024 01:18:07 AM: INFO: ************** Verifying Login test  **************
23/04/2024 01:18:10 AM: INFO: ************** Login test is passed **************
